<?xml version="1.0" encoding="UTF-8"?>
<!-- Generated by org.testng.reporters.JUnitReportReporter -->
<testsuite hostname="XAV-502000046" failures="0" tests="1" name="toBeDeleted.testClass1" time="0.002" errors="0" timestamp="2021-06-16T16:59:52 IST" skipped="0">
  <testcase classname="toBeDeleted.testClass1" name="data" time="0.002"/>
  <system-out/>
</testsuite> <!-- toBeDeleted.testClass1 -->
