<?xml version="1.0" encoding="UTF-8"?>
<!-- Generated by org.testng.reporters.JUnitReportReporter -->
<testsuite hostname="XAV-502000046" failures="0" tests="2" name="xapQATest.xapLoginPageTest" time="0.050" errors="0" timestamp="2021-07-11T16:29:40 IST" skipped="0">
  <testcase classname="xapQATest.xapLoginPageTest" name="checkWelcomeText" time="0.045"/>
  <system-out/>
  <testcase classname="xapQATest.xapLoginPageTest" name="checkTitle" time="0.005"/>
  <system-out/>
</testsuite> <!-- xapQATest.xapLoginPageTest -->
