<?xml version="1.0" encoding="UTF-8"?>
<!-- Generated by org.testng.reporters.JUnitReportReporter -->
<testsuite hostname="XAV-502000046" failures="0" tests="1" name="toBeDeleted.testClass" time="0.008" errors="0" timestamp="2021-07-11T13:48:42 IST" skipped="0">
  <testcase classname="toBeDeleted.testClass" name="show" time="0.008"/>
  <system-out/>
</testsuite> <!-- toBeDeleted.testClass -->
