<?xml version="1.0" encoding="UTF-8"?>
<!-- Generated by org.testng.reporters.JUnitReportReporter -->
<testsuite hostname="XAV-502000046" failures="0" tests="2" name="xapQATest.xapLoginPageTest" time="0.057" errors="0" timestamp="2021-07-11T23:31:36 IST" skipped="0">
  <testcase classname="xapQATest.xapLoginPageTest" name="checkWelcomeText" time="0.049"/>
  <system-out/>
  <testcase classname="xapQATest.xapLoginPageTest" name="checkTitle" time="0.008"/>
  <system-out/>
</testsuite> <!-- xapQATest.xapLoginPageTest -->
