<?xml version="1.0" encoding="UTF-8"?>
<!-- Generated by org.testng.reporters.JUnitReportReporter -->
<testsuite hostname="XAV-502000046" failures="0" tests="2" name="xapQATest.xapLoginPageTest" time="0.036" errors="0" timestamp="11 Jul 2021 15:30:56 GMT">
  <testcase classname="xapQATest.xapLoginPageTest" name="checkWelcomeText" time="0.030"/>
  <testcase classname="xapQATest.xapLoginPageTest" name="checkTitle" time="0.006"/>
</testsuite> <!-- xapQATest.xapLoginPageTest -->
